c:\users\itsoktobeandrey\desktop\lab\lab_matrix\lab_matrix\debug\vc140.pdb
c:\users\itsoktobeandrey\desktop\lab\lab_matrix\lab_matrix\debug\vc140.idb
c:\users\itsoktobeandrey\desktop\lab\lab_matrix\lab_matrix\debug\matrix.obj
e:\users\itsoktobeandrey\desktop\lab\lab_matrix\lab_matrix\debug\vc142.pdb
e:\users\itsoktobeandrey\desktop\lab\lab_matrix\lab_matrix\debug\vc142.idb
e:\users\itsoktobeandrey\desktop\lab\lab_matrix\lab_matrix\debug\matrix.obj
e:\users\itsoktobeandrey\desktop\lab\lab_matrix\lab_matrix\debug\main.obj
c:\users\itsoktobeandrey\desktop\lab\lab_matrix\debug\lab_matrix.ilk
c:\users\itsoktobeandrey\desktop\lab\lab_matrix\debug\lab_matrix.exe
c:\users\itsoktobeandrey\desktop\lab\lab_matrix\debug\lab_matrix.pdb
e:\users\itsoktobeandrey\desktop\lab\lab_matrix\debug\lab_matrix.ilk
e:\users\itsoktobeandrey\desktop\lab\lab_matrix\debug\lab_matrix.exe
e:\users\itsoktobeandrey\desktop\lab\lab_matrix\debug\lab_matrix.pdb
e:\users\itsoktobeandrey\desktop\lab\lab_matrix\lab_matrix\debug\vc140.idb
e:\users\itsoktobeandrey\desktop\lab\lab_matrix\lab_matrix\debug\vc140.pdb
e:\users\itsoktobeandrey\desktop\lab\lab_matrix\lab_matrix\debug\lab_matrix.tlog\cl.command.1.tlog
e:\users\itsoktobeandrey\desktop\lab\lab_matrix\lab_matrix\debug\lab_matrix.tlog\cl.read.1.tlog
e:\users\itsoktobeandrey\desktop\lab\lab_matrix\lab_matrix\debug\lab_matrix.tlog\cl.write.1.tlog
e:\users\itsoktobeandrey\desktop\lab\lab_matrix\lab_matrix\debug\lab_matrix.tlog\link.command.1.tlog
e:\users\itsoktobeandrey\desktop\lab\lab_matrix\lab_matrix\debug\lab_matrix.tlog\link.read.1.tlog
e:\users\itsoktobeandrey\desktop\lab\lab_matrix\lab_matrix\debug\lab_matrix.tlog\link.write.1.tlog
